undefined - [32minfo[39m: [32mAplicacao esta funcionando na porta: 3000[39m
undefined - [32minfo[39m: [32mAplicacao esta funcionando na porta: 3000[39m
undefined - [32minfo[39m: [32mAplicacao esta funcionando na porta: 3000[39m
undefined - [32minfo[39m: [32mAplicacao esta funcionando na porta: 3000[39m
undefined - [31merror[39m: [31mAplicacao esta funcionando na porta: 3000[39m
undefined - [35mhttp[39m: [35mAplicacao esta funcionando na porta: 3000[39m
undefined - [37mdebug[39m: [37mAplicacao esta funcionando na porta: 3000[39m
undefined - [33mwarn[39m: [33mAplicacao esta funcionando na porta: 3000[39m
undefined - [32minfo[39m: [32mAplicacao esta funcionando na porta: 3000[39m
undefined - [32minfo[39m: [32mConeccao realizada ao BD com secesso[39m
undefined - [32minfo[39m: [32mAplicacao esta funcionando na porta: 3000[39m
undefined - [32minfo[39m: [32mConeccao realizada ao BD com secesso[39m
undefined - [32minfo[39m: [32mAplicacao esta funcionando na porta: 3000[39m
undefined - [32minfo[39m: [32mConeccao realizada ao BD com secesso[39m
undefined - [32minfo[39m: [32mAplicacao esta funcionando na porta: 3000[39m
undefined - [33mwarn[39m: [33mNao foi possivel conectar![39m
undefined - [31merror[39m: [31mErro MongoParseError: option retryw7rites is not supported[39m
undefined - [32minfo[39m: [32mAplicacao esta funcionando na porta: 3000[39m
undefined - [32minfo[39m: [32mConeccao realizada ao BD com secesso[39m
undefined - [32minfo[39m: [32mAplicacao esta funcionando na porta: 3000[39m
undefined - [32minfo[39m: [32mConeccao realizada ao BD com secesso[39m
undefined - [32minfo[39m: [32mAplicacao esta funcionando na porta: 3000[39m
undefined - [32minfo[39m: [32mConeccao realizada ao BD com secesso[39m
undefined - [32minfo[39m: [32mAplicacao esta funcionando na porta: 3000[39m
undefined - [32minfo[39m: [32mConeccao realizada ao BD com secesso[39m
undefined - [32minfo[39m: [32mAplicacao esta funcionando na porta: 3000[39m
undefined - [35mhttp[39m: [35mmethod /api/test 200 12 - 1.659 ms[39m
[35m[39m
undefined - [32minfo[39m: [32mConeccao realizada ao BD com secesso[39m
undefined - [32minfo[39m: [32mAplicacao esta funcionando na porta: 3000[39m
2024-07-29 10:55:48:5548 - [32minfo[39m: [32mConeccao realizada ao BD com secesso[39m
2024-07-29 10:55:48:5548 - [32minfo[39m: [32mAplicacao esta funcionando na porta: 3000[39m
2024-07-29 10:55:53:5553 - [32minfo[39m: [32mConeccao realizada ao BD com secesso[39m
2024-07-29 10:55:53:5553 - [32minfo[39m: [32mAplicacao esta funcionando na porta: 3000[39m
2024-07-29 14:08:46:846 - [32minfo[39m: [32mConeccao realizada ao BD com secesso[39m
2024-07-29 14:08:46:846 - [32minfo[39m: [32mAplicacao esta funcionando na porta: 3000[39m
2024-07-29 14:10:42:1042 - [35mhttp[39m: [35mmethod /api/movie 200 22 - 1.699 ms[39m
[35m[39m
2024-07-29 14:14:06:146 - [32minfo[39m: [32mConeccao realizada ao BD com secesso[39m
2024-07-29 14:14:06:146 - [32minfo[39m: [32mAplicacao esta funcionando na porta: 3000[39m
2024-07-29 14:14:09:149 - [32minfo[39m: [32mConeccao realizada ao BD com secesso[39m
2024-07-29 14:14:09:149 - [32minfo[39m: [32mAplicacao esta funcionando na porta: 3000[39m
2024-07-29 14:14:33:1433 - [35mhttp[39m: [35mmethod /api/movie 201 22 - 1.580 ms[39m
[35m[39m
2024-07-29 14:18:48:1848 - [32minfo[39m: [32mConeccao realizada ao BD com secesso[39m
2024-07-29 14:18:48:1848 - [32minfo[39m: [32mAplicacao esta funcionando na porta: 3000[39m
2024-07-29 14:23:33:2333 - [32minfo[39m: [32mConeccao realizada ao BD com secesso[39m
2024-07-29 14:23:33:2333 - [32minfo[39m: [32mAplicacao esta funcionando na porta: 3000[39m
2024-07-29 14:25:17:2517 - [35mhttp[39m: [35mmethod /api/movie 201 120 - 25.637 ms[39m
[35m[39m
2024-07-29 16:10:17:1017 - [32minfo[39m: [32mConeccao realizada ao BD com secesso[39m
2024-07-29 16:10:17:1017 - [32minfo[39m: [32mAplicacao esta funcionando na porta: 3000[39m
2024-07-29 16:10:38:1038 - [35mhttp[39m: [35mmethod /api/movie 422 48 - 3.801 ms[39m
[35m[39m
2024-07-29 16:10:49:1049 - [35mhttp[39m: [35mmethod /api/movie 422 48 - 0.660 ms[39m
[35m[39m
2024-07-29 16:10:59:1059 - [35mhttp[39m: [35mmethod /api/movie 422 48 - 0.452 ms[39m
[35m[39m
2024-07-30 09:47:04:474 - [32minfo[39m: [32mConeccao realizada ao BD com secesso[39m
2024-07-30 09:47:04:474 - [32minfo[39m: [32mAplicacao esta funcionando na porta: 3000[39m
2024-07-30 09:51:21:5121 - [32minfo[39m: [32mConeccao realizada ao BD com secesso[39m
2024-07-30 09:51:21:5121 - [32minfo[39m: [32mAplicacao esta funcionando na porta: 3000[39m
2024-07-30 09:51:23:5123 - [32minfo[39m: [32mConeccao realizada ao BD com secesso[39m
2024-07-30 09:51:23:5123 - [32minfo[39m: [32mAplicacao esta funcionando na porta: 3000[39m
2024-07-30 09:57:42:5742 - [32minfo[39m: [32mConeccao realizada ao BD com secesso[39m
2024-07-30 09:57:42:5742 - [32minfo[39m: [32mAplicacao esta funcionando na porta: 3000[39m
2024-07-30 10:01:41:141 - [32minfo[39m: [32mConeccao realizada ao BD com secesso[39m
2024-07-30 10:01:41:141 - [32minfo[39m: [32mAplicacao esta funcionando na porta: 3000[39m
2024-07-30 10:04:27:427 - [32minfo[39m: [32mConeccao realizada ao BD com secesso[39m
2024-07-30 10:04:27:427 - [32minfo[39m: [32mAplicacao esta funcionando na porta: 3000[39m
2024-07-30 10:13:34:1334 - [32minfo[39m: [32mConeccao realizada ao BD com secesso[39m
2024-07-30 10:13:34:1334 - [32minfo[39m: [32mAplicacao esta funcionando na porta: 3000[39m
2024-07-30 10:13:40:1340 - [32minfo[39m: [32mConeccao realizada ao BD com secesso[39m
2024-07-30 10:13:40:1340 - [32minfo[39m: [32mAplicacao esta funcionando na porta: 3000[39m
2024-07-30 10:14:50:1450 - [35mhttp[39m: [35mmethod /api/movie 422 441 - 4.849 ms[39m
[35m[39m
2024-07-30 10:20:13:2013 - [35mhttp[39m: [35mmethod /api/movie 422 441 - 1.717 ms[39m
[35m[39m
2024-07-30 10:20:28:2028 - [35mhttp[39m: [35mmethod /api/movie 422 529 - 0.951 ms[39m
[35m[39m
2024-07-30 10:22:09:229 - [35mhttp[39m: [35mmethod /api/movie 422 350 - 0.732 ms[39m
[35m[39m
2024-07-30 10:22:21:2221 - [35mhttp[39m: [35mmethod /api/movie 422 218 - 0.994 ms[39m
[35m[39m
2024-07-30 10:24:05:245 - [35mhttp[39m: [35mmethod /api/movie 422 63 - 0.558 ms[39m
[35m[39m
2024-07-30 10:24:55:2455 - [35mhttp[39m: [35mmethod /api/movie 422 63 - 0.746 ms[39m
[35m[39m
2024-07-30 10:25:24:2524 - [35mhttp[39m: [35mmethod /api/movie 422 63 - 0.545 ms[39m
[35m[39m
2024-07-30 10:25:27:2527 - [35mhttp[39m: [35mmethod /api/movie 422 63 - 0.655 ms[39m
[35m[39m
2024-07-30 10:25:32:2532 - [35mhttp[39m: [35mmethod /api/movie 201 278 - 31.546 ms[39m
[35m[39m
2024-07-30 10:37:21:3721 - [32minfo[39m: [32mConeccao realizada ao BD com secesso[39m
2024-07-30 10:37:21:3721 - [32minfo[39m: [32mAplicacao esta funcionando na porta: 3000[39m
2024-07-30 10:37:28:3728 - [35mhttp[39m: [35mmethod /api/movie 422 114 - 6.074 ms[39m
[35m[39m
2024-07-30 10:37:53:3753 - [32minfo[39m: [32mConeccao realizada ao BD com secesso[39m
2024-07-30 10:37:53:3753 - [32minfo[39m: [32mAplicacao esta funcionando na porta: 3000[39m
2024-07-30 10:37:56:3756 - [32minfo[39m: [32mConeccao realizada ao BD com secesso[39m
2024-07-30 10:37:56:3756 - [32minfo[39m: [32mAplicacao esta funcionando na porta: 3000[39m
2024-07-30 10:38:01:381 - [35mhttp[39m: [35mmethod /api/movie 422 107 - 6.000 ms[39m
[35m[39m
2024-07-30 10:39:04:394 - [35mhttp[39m: [35mmethod /api/movie 422 351 - 2.044 ms[39m
[35m[39m
2024-07-30 10:39:15:3915 - [35mhttp[39m: [35mmethod /api/movie 422 351 - 0.939 ms[39m
[35m[39m
2024-07-30 10:40:08:408 - [32minfo[39m: [32mConeccao realizada ao BD com secesso[39m
2024-07-30 10:40:08:408 - [32minfo[39m: [32mAplicacao esta funcionando na porta: 3000[39m
2024-07-30 10:40:15:4015 - [35mhttp[39m: [35mmethod /api/movie 422 263 - 5.924 ms[39m
[35m[39m
2024-07-30 10:44:46:4446 - [32minfo[39m: [32mConeccao realizada ao BD com secesso[39m
2024-07-30 10:44:46:4446 - [32minfo[39m: [32mAplicacao esta funcionando na porta: 3000[39m
2024-07-30 10:44:58:4458 - [32minfo[39m: [32mConeccao realizada ao BD com secesso[39m
2024-07-30 10:44:58:4458 - [32minfo[39m: [32mAplicacao esta funcionando na porta: 3000[39m
2024-07-30 10:45:02:452 - [35mhttp[39m: [35mmethod /api/movie 422 107 - 6.623 ms[39m
[35m[39m
2024-07-30 10:45:33:4533 - [32minfo[39m: [32mConeccao realizada ao BD com secesso[39m
2024-07-30 10:45:33:4533 - [32minfo[39m: [32mAplicacao esta funcionando na porta: 3000[39m
2024-07-30 10:45:38:4538 - [35mhttp[39m: [35mmethod /api/movie 422 263 - 5.848 ms[39m
[35m[39m
2024-07-30 10:45:51:4551 - [35mhttp[39m: [35mmethod /api/movie 422 159 - 2.046 ms[39m
[35m[39m
2024-07-30 14:35:53:3553 - [32minfo[39m: [32mConeccao realizada ao BD com secesso[39m
2024-07-30 14:35:53:3553 - [32minfo[39m: [32mAplicacao esta funcionando na porta: 3000[39m
2024-07-30 14:37:27:3727 - [32minfo[39m: [32mConeccao realizada ao BD com secesso[39m
2024-07-30 14:37:27:3727 - [32minfo[39m: [32mAplicacao esta funcionando na porta: 3000[39m
2024-07-30 14:37:35:3735 - [35mhttp[39m: [35mmethod /api/movie 422 150 - 5.830 ms[39m
[35m[39m
2024-07-30 14:38:52:3852 - [35mhttp[39m: [35mmethod /api/movie 422 174 - 2.076 ms[39m
[35m[39m
2024-07-30 14:40:12:4012 - [32minfo[39m: [32mConeccao realizada ao BD com secesso[39m
2024-07-30 14:40:12:4012 - [32minfo[39m: [32mAplicacao esta funcionando na porta: 3000[39m
2024-07-30 14:41:05:415 - [35mhttp[39m: [35mmethod /api/movie 422 150 - 5.769 ms[39m
[35m[39m
2024-07-30 14:42:00:420 - [32minfo[39m: [32mConeccao realizada ao BD com secesso[39m
2024-07-30 14:42:00:420 - [32minfo[39m: [32mAplicacao esta funcionando na porta: 3000[39m
2024-07-30 14:42:01:421 - [35mhttp[39m: [35mmethod /api/movie 422 238 - 6.058 ms[39m
[35m[39m
2024-07-30 15:12:16:1216 - [32minfo[39m: [32mConeccao realizada ao BD com secesso[39m
2024-07-30 15:12:16:1216 - [32minfo[39m: [32mAplicacao esta funcionando na porta: 3000[39m
2024-07-30 15:12:57:1257 - [32minfo[39m: [32mConeccao realizada ao BD com secesso[39m
2024-07-30 15:12:57:1257 - [32minfo[39m: [32mAplicacao esta funcionando na porta: 3000[39m
2024-07-30 15:12:58:1258 - [35mhttp[39m: [35mmethod /api/movie 422 61 - 5.550 ms[39m
[35m[39m
2024-07-30 15:14:21:1421 - [35mhttp[39m: [35mmethod /api/movie 201 305 - 31.019 ms[39m
[35m[39m
2024-07-30 15:22:41:2241 - [32minfo[39m: [32mConeccao realizada ao BD com secesso[39m
2024-07-30 15:22:41:2241 - [32minfo[39m: [32mAplicacao esta funcionando na porta: 3000[39m
2024-07-30 15:22:42:2242 - [32minfo[39m: [32mConeccao realizada ao BD com secesso[39m
2024-07-30 15:22:42:2242 - [32minfo[39m: [32mAplicacao esta funcionando na porta: 3000[39m
2024-07-30 15:23:27:2327 - [32minfo[39m: [32mConeccao realizada ao BD com secesso[39m
2024-07-30 15:23:27:2327 - [32minfo[39m: [32mAplicacao esta funcionando na porta: 3000[39m
2024-07-30 15:24:12:2412 - [35mhttp[39m: [35mmethod /api/movie/66a92d7d412f8f6554a5e531 - - - - ms[39m
[35m[39m
2024-07-30 15:25:27:2527 - [35mhttp[39m: [35mmethod /api/test 200 12 - 1.409 ms[39m
[35m[39m
2024-07-30 15:26:09:269 - [35mhttp[39m: [35mmethod /api//movie/66a92d7d412f8f6554a5e531 404 174 - 1.085 ms[39m
[35m[39m
2024-07-30 15:26:28:2628 - [35mhttp[39m: [35mmethod /api/movie/66a92d7d412f8f6554a5e531 404 173 - 0.354 ms[39m
[35m[39m
2024-07-30 15:32:39:3239 - [32minfo[39m: [32mConeccao realizada ao BD com secesso[39m
2024-07-30 15:32:39:3239 - [32minfo[39m: [32mAplicacao esta funcionando na porta: 3000[39m
2024-07-30 15:33:22:3322 - [32minfo[39m: [32mConeccao realizada ao BD com secesso[39m
2024-07-30 15:33:22:3322 - [32minfo[39m: [32mAplicacao esta funcionando na porta: 3000[39m
2024-07-30 15:39:59:3959 - [35mhttp[39m: [35mmethod /api/movie/66a92d7d412f8f6554a5e531 - - - - ms[39m
[35m[39m
2024-07-30 15:40:35:4035 - [35mhttp[39m: [35mmethod /api/movie/66a92d7d412f8f6554a5e531 - - - - ms[39m
[35m[39m
2024-07-30 15:40:36:4036 - [35mhttp[39m: [35mmethod /api/movie 422 61 - 4.505 ms[39m
[35m[39m
2024-07-30 15:40:43:4043 - [35mhttp[39m: [35mmethod /api/movie 201 305 - 31.448 ms[39m
[35m[39m
2024-07-30 15:41:41:4141 - [35mhttp[39m: [35mmethod /api/movie/66a92d7d412f8f6554a5e531 404 173 - 1.034 ms[39m
[35m[39m
2024-07-30 15:42:04:424 - [32minfo[39m: [32mConeccao realizada ao BD com secesso[39m
2024-07-30 15:42:04:424 - [32minfo[39m: [32mAplicacao esta funcionando na porta: 3000[39m
2024-07-30 15:42:18:4218 - [35mhttp[39m: [35mmethod /api/movie/66a92d7d412f8f6554a5e531 - - - - ms[39m
[35m[39m
2024-07-30 15:42:27:4227 - [35mhttp[39m: [35mmethod /api//movie/66a92d7d412f8f6554a5e531 - - - - ms[39m
[35m[39m
2024-07-30 15:42:28:4228 - [31merror[39m: [31mErro no sistema Cast to ObjectId failed for value ":66a92d7d412f8f6554a5e531" (type string) at path "_id" for model "Model"[39m
2024-07-30 15:42:55:4255 - [35mhttp[39m: [35mmethod /api//movie/:66a92d7d412f8f6554a5e531 - - - - ms[39m
[35m[39m
2024-07-30 17:23:52:2352 - [32minfo[39m: [32mConeccao realizada ao BD com secesso[39m
2024-07-30 17:23:52:2352 - [32minfo[39m: [32mAplicacao esta funcionando na porta: 3000[39m
2024-07-30 17:24:11:2411 - [35mhttp[39m: [35mmethod /api/test 200 12 - 1.505 ms[39m
[35m[39m
2024-07-30 17:24:20:2420 - [35mhttp[39m: [35mmethod /api/test 200 12 - 0.249 ms[39m
[35m[39m
2024-07-30 17:24:49:2449 - [35mhttp[39m: [35mmethod /api//movie/66a933ab92749864035e9cb7 - - - - ms[39m
[35m[39m
2024-07-30 17:25:56:2556 - [35mhttp[39m: [35mmethod /api/movie/66a933ab92749864035e9cb7 - - - - ms[39m
[35m[39m
2024-07-30 17:25:58:2558 - [31merror[39m: [31mErro no sistema Cast to ObjectId failed for value "66a933ab92749864035e9cb" (type string) at path "_id" for model "Model"[39m
2024-07-30 17:26:09:269 - [35mhttp[39m: [35mmethod /api/movie/66a933ab92749864035e9cb - - - - ms[39m
[35m[39m
2024-07-30 17:26:31:2631 - [35mhttp[39m: [35mmethod /api/movie/66a933ab92749864035e9cb7 - - - - ms[39m
[35m[39m
2024-07-30 17:26:39:2639 - [31merror[39m: [31mErro no sistema Cast to ObjectId failed for value "66a933ab92749864035e9cb" (type string) at path "_id" for model "Model"[39m
2024-07-30 17:27:10:2710 - [32minfo[39m: [32mConeccao realizada ao BD com secesso[39m
2024-07-30 17:27:10:2710 - [32minfo[39m: [32mAplicacao esta funcionando na porta: 3000[39m
2024-07-30 17:27:12:2712 - [31merror[39m: [31mErro no sistema Cast to ObjectId failed for value "66a933ab92749864035e9cb" (type string) at path "_id" for model "Model"[39m
2024-07-30 17:27:35:2735 - [35mhttp[39m: [35mmethod /api//movie/66a933ab92749864035e9cb - - - - ms[39m
[35m[39m
2024-07-30 17:27:37:2737 - [31merror[39m: [31mErro no sistema Cast to ObjectId failed for value "66a933ab92749864035e9c" (type string) at path "_id" for model "Model"[39m
2024-07-30 17:27:41:2741 - [35mhttp[39m: [35mmethod /api//movie/66a933ab92749864035e9c - - - - ms[39m
[35m[39m
2024-07-30 17:30:45:3045 - [32minfo[39m: [32mConeccao realizada ao BD com secesso[39m
2024-07-30 17:30:45:3045 - [32minfo[39m: [32mAplicacao esta funcionando na porta: 3000[39m
2024-07-30 17:31:27:3127 - [32minfo[39m: [32mConeccao realizada ao BD com secesso[39m
2024-07-30 17:31:27:3127 - [32minfo[39m: [32mAplicacao esta funcionando na porta: 3000[39m
2024-07-30 17:31:41:3141 - [32minfo[39m: [32mConeccao realizada ao BD com secesso[39m
2024-07-30 17:31:41:3141 - [32minfo[39m: [32mAplicacao esta funcionando na porta: 3000[39m
2024-07-30 17:32:20:3220 - [35mhttp[39m: [35mmethod /api//movie/66a933ab92749864035e9cb7 404 30 - 15.278 ms[39m
[35m[39m
2024-07-30 17:32:25:3225 - [31merror[39m: [31mErro no sistema Cast to ObjectId failed for value "66a933ab92749864035e9cb" (type string) at path "_id" for model "Movie"[39m
2024-07-30 17:32:40:3240 - [35mhttp[39m: [35mmethod /api//movie/66a933ab92749864035e9cb - - - - ms[39m
[35m[39m
2024-07-30 17:32:41:3241 - [31merror[39m: [31mErro no sistema Cast to ObjectId failed for value "66a933ab92749864035e" (type string) at path "_id" for model "Movie"[39m
2024-07-30 17:33:16:3316 - [35mhttp[39m: [35mmethod /api//movie/66a933ab92749864035e - - - - ms[39m
[35m[39m
2024-07-30 17:33:17:3317 - [31merror[39m: [31mErro no sistema Cast to ObjectId failed for value "66a7d07dcbded23c758718e" (type string) at path "_id" for model "Movie"[39m
2024-07-30 17:33:31:3331 - [32minfo[39m: [32mConeccao realizada ao BD com secesso[39m
2024-07-30 17:33:31:3331 - [32minfo[39m: [32mAplicacao esta funcionando na porta: 3000[39m
2024-07-30 17:33:32:3332 - [31merror[39m: [31mErro no sistema Cast to ObjectId failed for value "66a7d07dcbded23c758718e" (type string) at path "_id" for model "Movie"[39m
2024-07-30 17:35:00:350 - [32minfo[39m: [32mConeccao realizada ao BD com secesso[39m
2024-07-30 17:35:00:350 - [32minfo[39m: [32mAplicacao esta funcionando na porta: 3000[39m
2024-07-30 17:35:54:3554 - [32minfo[39m: [32mConeccao realizada ao BD com secesso[39m
2024-07-30 17:35:54:3554 - [32minfo[39m: [32mAplicacao esta funcionando na porta: 3000[39m
2024-07-30 17:35:59:3559 - [32minfo[39m: [32mErro no sistema Cast to ObjectId failed for value "66a7d07dcbded23c758718e" (type string) at path "_id" for model "Movie"[39m
2024-07-30 17:36:18:3618 - [35mhttp[39m: [35mmethod /api//movie/66a7d07dcbded23c758718e - - - - ms[39m
[35m[39m
2024-07-30 17:36:22:3622 - [32minfo[39m: [32mErro no sistema Cast to ObjectId failed for value "66a7d07dcbded23c758718e" (type string) at path "_id" for model "Movie"[39m
2024-07-30 17:36:55:3655 - [32minfo[39m: [32mConeccao realizada ao BD com secesso[39m
2024-07-30 17:36:55:3655 - [32minfo[39m: [32mAplicacao esta funcionando na porta: 3000[39m
2024-07-30 17:37:00:370 - [32minfo[39m: [32mConeccao realizada ao BD com secesso[39m
2024-07-30 17:37:00:370 - [32minfo[39m: [32mAplicacao esta funcionando na porta: 3000[39m
2024-07-30 17:37:20:3720 - [32minfo[39m: [32mConeccao realizada ao BD com secesso[39m
2024-07-30 17:37:20:3720 - [32minfo[39m: [32mAplicacao esta funcionando na porta: 3000[39m
2024-07-30 17:37:23:3723 - [35mhttp[39m: [35mmethod /api/movie/66a7d07dcbded23c758718e 404 30 - 14.316 ms[39m
[35m[39m
2024-07-30 17:37:29:3729 - [35mhttp[39m: [35mmethod /api//movie/66a7d07dcbded23c758718e 404 30 - 9.909 ms[39m
[35m[39m
2024-07-30 17:37:38:3738 - [32minfo[39m: [32mConeccao realizada ao BD com secesso[39m
2024-07-30 17:37:38:3738 - [32minfo[39m: [32mAplicacao esta funcionando na porta: 3000[39m
2024-07-30 17:37:38:3738 - [35mhttp[39m: [35mmethod /api//movie/66a7d07dcbded23c758718e 404 30 - 14.426 ms[39m
[35m[39m
2024-07-30 17:37:47:3747 - [35mhttp[39m: [35mmethod /api//movie/66a933ab92749864035e9cb7 404 30 - 9.301 ms[39m
[35m[39m
2024-07-30 17:38:00:380 - [35mhttp[39m: [35mmethod /api//movie/66a933ab92749864035e9cb7 404 30 - 9.412 ms[39m
[35m[39m
2024-07-30 17:38:01:381 - [35mhttp[39m: [35mmethod /api//movie/66a933ab92749864035e9cb7 404 30 - 9.163 ms[39m
[35m[39m
2024-07-30 17:38:03:383 - [32minfo[39m: [32mConeccao realizada ao BD com secesso[39m
2024-07-30 17:38:03:383 - [32minfo[39m: [32mAplicacao esta funcionando na porta: 3000[39m
2024-07-30 17:38:03:383 - [35mhttp[39m: [35mmethod /api//movie/66a933ab92749864035e9cb7 404 30 - 17.076 ms[39m
[35m[39m
2024-07-30 17:38:05:385 - [35mhttp[39m: [35mmethod /api//movie/66a933ab92749864035e9cb7 404 30 - 9.707 ms[39m
[35m[39m
2024-07-31 10:04:58:458 - [33mwarn[39m: [33mNao foi possivel conectar![39m
2024-07-31 10:05:41:541 - [33mwarn[39m: [33mNao foi possivel conectar![39m
2024-07-31 10:08:07:87 - [32minfo[39m: [32mConeccao realizada ao BD com secesso[39m
2024-07-31 10:08:07:87 - [32minfo[39m: [32mAplicacao esta funcionando na porta: 3000[39m
2024-07-31 10:08:45:845 - [32minfo[39m: [32mConeccao realizada ao BD com secesso[39m
2024-07-31 10:08:45:845 - [32minfo[39m: [32mAplicacao esta funcionando na porta: 3000[39m
2024-07-31 10:21:47:2147 - [32minfo[39m: [32mConeccao realizada ao BD com secesso[39m
2024-07-31 10:21:47:2147 - [32minfo[39m: [32mAplicacao esta funcionando na porta: 3000[39m
2024-07-31 10:23:20:2320 - [32minfo[39m: [32mConeccao realizada ao BD com secesso[39m
2024-07-31 10:23:20:2320 - [32minfo[39m: [32mAplicacao esta funcionando na porta: 3000[39m
2024-07-31 10:24:06:246 - [35mhttp[39m: [35mmethod /api//movie 200 2 - 15.678 ms[39m
[35m[39m
2024-07-31 10:24:08:248 - [35mhttp[39m: [35mmethod /api//movie 200 2 - 9.273 ms[39m
[35m[39m
2024-07-31 10:24:24:2424 - [35mhttp[39m: [35mmethod /api//movies 404 150 - 1.092 ms[39m
[35m[39m
2024-07-31 10:24:53:2453 - [35mhttp[39m: [35mmethod /api/movies 404 149 - 0.401 ms[39m
[35m[39m
2024-07-31 10:28:18:2818 - [32minfo[39m: [32mConeccao realizada ao BD com secesso[39m
2024-07-31 10:28:18:2818 - [32minfo[39m: [32mAplicacao esta funcionando na porta: 3000[39m
2024-07-31 10:28:29:2829 - [35mhttp[39m: [35mmethod /api/movies 404 149 - 1.914 ms[39m
[35m[39m
2024-07-31 10:29:35:2935 - [32minfo[39m: [32mConeccao realizada ao BD com secesso[39m
2024-07-31 10:29:35:2935 - [32minfo[39m: [32mAplicacao esta funcionando na porta: 3000[39m
2024-07-31 10:29:35:2935 - [35mhttp[39m: [35mmethod /api/movies 200 2 - 14.812 ms[39m
[35m[39m
2024-07-31 10:30:00:300 - [35mhttp[39m: [35mmethod /api//movies 200 2 - 9.621 ms[39m
[35m[39m
2024-07-31 10:31:28:3128 - [35mhttp[39m: [35mmethod /api/movie 201 309 - 34.075 ms[39m
[35m[39m
2024-07-31 10:32:10:3210 - [35mhttp[39m: [35mmethod /api//movies 200 311 - 10.202 ms[39m
[35m[39m
2024-07-31 10:32:28:3228 - [35mhttp[39m: [35mmethod /api//movie/66aa3cb0ab74c569449acc28 200 309 - 10.538 ms[39m
[35m[39m
2024-07-31 11:06:59:659 - [32minfo[39m: [32mConeccao realizada ao BD com secesso[39m
2024-07-31 11:06:59:659 - [32minfo[39m: [32mAplicacao esta funcionando na porta: 3000[39m
2024-08-01 08:53:40:5340 - [32minfo[39m: [32mConeccao realizada ao BD com secesso[39m
2024-08-01 08:53:40:5340 - [32minfo[39m: [32mAplicacao esta funcionando na porta: 3000[39m
2024-08-01 08:55:56:5556 - [32minfo[39m: [32mConeccao realizada ao BD com secesso[39m
2024-08-01 08:55:56:5556 - [32minfo[39m: [32mAplicacao esta funcionando na porta: 3000[39m
2024-08-01 08:56:47:5647 - [32minfo[39m: [32mConeccao realizada ao BD com secesso[39m
2024-08-01 08:56:47:5647 - [32minfo[39m: [32mAplicacao esta funcionando na porta: 3000[39m
2024-08-01 08:57:59:5759 - [32minfo[39m: [32mO filme undefined foi excluido[39m
2024-08-01 09:00:56:056 - [32minfo[39m: [32mConeccao realizada ao BD com secesso[39m
2024-08-01 09:00:56:056 - [32minfo[39m: [32mAplicacao esta funcionando na porta: 3000[39m
2024-08-01 09:00:58:058 - [35mhttp[39m: [35mmethod /api//movieDel/66aa3cb0ab74c569449acc28 404 32 - 15.159 ms[39m
[35m[39m
2024-08-01 09:01:09:19 - [35mhttp[39m: [35mmethod /api/movie 201 309 - 28.860 ms[39m
[35m[39m
2024-08-01 09:01:21:121 - [35mhttp[39m: [35mmethod /api//movies 200 311 - 11.007 ms[39m
[35m[39m
2024-08-01 09:01:32:132 - [35mhttp[39m: [35mmethod /api//movieDel/66ab7905b3f31a1dee107386 202 33 - 26.421 ms[39m
[35m[39m
2024-08-01 09:01:57:157 - [32minfo[39m: [32mConeccao realizada ao BD com secesso[39m
2024-08-01 09:01:57:157 - [32minfo[39m: [32mAplicacao esta funcionando na porta: 3000[39m
2024-08-01 09:02:15:215 - [35mhttp[39m: [35mmethod /api/movie 201 299 - 32.864 ms[39m
[35m[39m
2024-08-01 09:02:19:219 - [35mhttp[39m: [35mmethod /api//movies 200 301 - 13.694 ms[39m
[35m[39m
2024-08-01 09:02:30:230 - [35mhttp[39m: [35mmethod /api//movieDel/66ab79475f1b255858276714 202 28 - 29.234 ms[39m
[35m[39m
2024-08-01 09:02:37:237 - [35mhttp[39m: [35mmethod /api//movies 200 2 - 8.904 ms[39m
[35m[39m
2024-08-01 09:02:54:254 - [32minfo[39m: [32mConeccao realizada ao BD com secesso[39m
2024-08-01 09:02:54:254 - [32minfo[39m: [32mAplicacao esta funcionando na porta: 3000[39m
2024-08-01 09:03:04:34 - [35mhttp[39m: [35mmethod /api/movie 201 299 - 31.141 ms[39m
[35m[39m
2024-08-01 09:03:07:37 - [35mhttp[39m: [35mmethod /api//movies 200 301 - 14.015 ms[39m
[35m[39m
2024-08-01 09:03:21:321 - [35mhttp[39m: [35mmethod /api//movieDel/66ab7978e241b56bc583d3c9 202 38 - 26.235 ms[39m
[35m[39m
2024-08-01 09:08:08:88 - [32minfo[39m: [32mConeccao realizada ao BD com secesso[39m
2024-08-01 09:08:08:88 - [32minfo[39m: [32mAplicacao esta funcionando na porta: 3000[39m
2024-08-01 09:08:18:818 - [35mhttp[39m: [35mmethod /api//movies 200 2 - 14.263 ms[39m
[35m[39m
2024-08-01 09:08:21:821 - [35mhttp[39m: [35mmethod /api/movie 201 299 - 28.943 ms[39m
[35m[39m
2024-08-01 09:08:23:823 - [35mhttp[39m: [35mmethod /api//movies 200 301 - 10.842 ms[39m
[35m[39m
2024-08-01 09:08:32:832 - [32minfo[39m: [32mO filme undefined foi deletado[39m
2024-08-01 09:08:32:832 - [35mhttp[39m: [35mmethod /api//movieDel/66ab7ab577f60ee03f161971 202 38 - 28.524 ms[39m
[35m[39m
2024-08-01 09:11:38:1138 - [32minfo[39m: [32mConeccao realizada ao BD com secesso[39m
2024-08-01 09:11:38:1138 - [32minfo[39m: [32mAplicacao esta funcionando na porta: 3000[39m
2024-08-01 09:13:17:1317 - [32minfo[39m: [32mConeccao realizada ao BD com secesso[39m
2024-08-01 09:13:17:1317 - [32minfo[39m: [32mAplicacao esta funcionando na porta: 3000[39m
2024-08-01 09:13:24:1324 - [35mhttp[39m: [35mmethod /api//movies 200 2 - 14.085 ms[39m
[35m[39m
2024-08-01 09:13:27:1327 - [35mhttp[39m: [35mmethod /api/movie 201 299 - 29.583 ms[39m
[35m[39m
2024-08-01 09:13:51:1351 - [32minfo[39m: [32mConeccao realizada ao BD com secesso[39m
2024-08-01 09:13:51:1351 - [32minfo[39m: [32mAplicacao esta funcionando na porta: 3000[39m
2024-08-01 09:14:04:144 - [35mhttp[39m: [35mmethod /api//movies 200 301 - 17.395 ms[39m
[35m[39m
2024-08-01 09:14:07:147 - [32minfo[39m: [32mO filme teste1 foi deletado[39m
2024-08-01 09:14:07:147 - [35mhttp[39m: [35mmethod /api//movieDel/teste1 202 35 - 29.672 ms[39m
[35m[39m
2024-08-01 09:14:11:1411 - [35mhttp[39m: [35mmethod /api//movies 200 2 - 9.183 ms[39m
[35m[39m
2024-08-01 09:14:28:1428 - [32minfo[39m: [32mConeccao realizada ao BD com secesso[39m
2024-08-01 09:14:28:1428 - [32minfo[39m: [32mAplicacao esta funcionando na porta: 3000[39m
2024-08-01 09:18:25:1825 - [32minfo[39m: [32mConeccao realizada ao BD com secesso[39m
2024-08-01 09:18:25:1825 - [32minfo[39m: [32mAplicacao esta funcionando na porta: 3000[39m
2024-08-01 09:18:32:1832 - [35mhttp[39m: [35mmethod /api//movies 200 2 - 14.939 ms[39m
[35m[39m
2024-08-01 09:18:34:1834 - [35mhttp[39m: [35mmethod /api/movie 201 299 - 28.683 ms[39m
[35m[39m
2024-08-01 09:18:37:1837 - [35mhttp[39m: [35mmethod /api//movies 200 301 - 10.327 ms[39m
[35m[39m
2024-08-01 09:18:46:1846 - [32minfo[39m: [32mO filme teste1 foi deletado[39m
2024-08-01 09:18:46:1846 - [35mhttp[39m: [35mmethod /api//movieDel/66ab7d1a5d15fb1d2677687a 202 35 - 26.720 ms[39m
[35m[39m
2024-08-01 09:18:54:1854 - [35mhttp[39m: [35mmethod /api/movie 201 299 - 18.332 ms[39m
[35m[39m
2024-08-01 09:18:58:1858 - [35mhttp[39m: [35mmethod /api//movies 200 301 - 9.422 ms[39m
[35m[39m
2024-08-01 09:19:06:196 - [32minfo[39m: [32mO filme teste2 foi deletado[39m
2024-08-01 09:19:06:196 - [35mhttp[39m: [35mmethod /api//movieDel/66ab7d2e5d15fb1d2677687f 202 35 - 26.300 ms[39m
[35m[39m
2024-08-01 09:21:17:2117 - [32minfo[39m: [32mConeccao realizada ao BD com secesso[39m
2024-08-01 09:21:17:2117 - [32minfo[39m: [32mAplicacao esta funcionando na porta: 3000[39m
2024-08-01 09:21:26:2126 - [32minfo[39m: [32mErro no sistema Cast to ObjectId failed for value "66ab7d2e5d15fb1d26776" (type string) at path "_id" for model "Movie"[39m
2024-08-01 09:21:54:2154 - [32minfo[39m: [32mConeccao realizada ao BD com secesso[39m
2024-08-01 09:21:54:2154 - [32minfo[39m: [32mAplicacao esta funcionando na porta: 3000[39m
2024-08-01 09:21:54:2154 - [32minfo[39m: [32mErro no sistema Cast to ObjectId failed for value "66ab7d2e5d15fb1d26776" (type string) at path "_id" for model "Movie"[39m
2024-08-01 09:22:30:2230 - [35mhttp[39m: [35mmethod /api//movieDel/66ab7d2e5d15fb1d26776 - - - - ms[39m
[35m[39m
2024-08-01 09:22:31:2231 - [35mhttp[39m: [35mmethod /api//movieDel/66ab7d2e5d15fb1d2677687f 404 32 - 13.127 ms[39m
[35m[39m
2024-08-01 09:22:57:2257 - [32minfo[39m: [32mConeccao realizada ao BD com secesso[39m
2024-08-01 09:22:57:2257 - [32minfo[39m: [32mAplicacao esta funcionando na porta: 3000[39m
2024-08-01 09:22:59:2259 - [31merror[39m: [31mO filme nao foi encontrado[39m
2024-08-01 09:22:59:2259 - [35mhttp[39m: [35mmethod /api//movieDel/66ab7d2e5d15fb1d2677687f 404 32 - 14.997 ms[39m
[35m[39m
2024-08-01 09:23:20:2320 - [32minfo[39m: [32mConeccao realizada ao BD com secesso[39m
2024-08-01 09:23:20:2320 - [32minfo[39m: [32mAplicacao esta funcionando na porta: 3000[39m
2024-08-01 09:23:21:2321 - [31merror[39m: [31mErro no sistema logger_1.default.warning is not a function[39m
2024-08-01 09:23:21:2321 - [35mhttp[39m: [35mmethod /api//movieDel/66ab7d2e5d15fb1d2677687f 404 32 - 15.402 ms[39m
[35m[39m
2024-08-01 09:23:24:2324 - [31merror[39m: [31mErro no sistema logger_1.default.warning is not a function[39m
2024-08-01 09:23:24:2324 - [35mhttp[39m: [35mmethod /api//movieDel/66ab7d2e5d15fb1d2677687f 404 32 - 10.163 ms[39m
[35m[39m
2024-08-01 09:23:40:2340 - [31merror[39m: [31mErro no sistema logger_1.default.warning is not a function[39m
2024-08-01 09:23:40:2340 - [35mhttp[39m: [35mmethod /api//movieDel/66ab7d2e5d15fb1d2677687f 404 32 - 9.710 ms[39m
[35m[39m
2024-08-01 09:23:56:2356 - [35mhttp[39m: [35mmethod /api/movie 201 299 - 28.224 ms[39m
[35m[39m
2024-08-01 09:24:03:243 - [35mhttp[39m: [35mmethod /api//movies 200 301 - 10.640 ms[39m
[35m[39m
2024-08-01 09:24:11:2411 - [32minfo[39m: [32mO filme teste2 foi deletado[39m
2024-08-01 09:24:11:2411 - [35mhttp[39m: [35mmethod /api//movieDel/66ab7e5ca6c81d8b08cdb553 202 35 - 27.612 ms[39m
[35m[39m
2024-08-01 09:24:14:2414 - [31merror[39m: [31mErro no sistema logger_1.default.warning is not a function[39m
2024-08-01 09:24:14:2414 - [35mhttp[39m: [35mmethod /api//movieDel/66ab7e5ca6c81d8b08cdb553 404 32 - 9.390 ms[39m
[35m[39m
2024-08-01 09:24:37:2437 - [31merror[39m: [31mErro no sistema logger_1.default.warning is not a function[39m
2024-08-01 09:24:37:2437 - [35mhttp[39m: [35mmethod /api//movieDel/66ab7e5ca6c81d8b08cdb553 404 32 - 9.890 ms[39m
[35m[39m
2024-08-01 09:26:03:263 - [32minfo[39m: [32mConeccao realizada ao BD com secesso[39m
2024-08-01 09:26:03:263 - [32minfo[39m: [32mAplicacao esta funcionando na porta: 3000[39m
2024-08-01 09:26:04:264 - [35mhttp[39m: [35mmethod /api//movieDel/66ab7e5ca6c81d8b08cdb553 404 32 - 15.139 ms[39m
[35m[39m
2024-08-01 09:26:07:267 - [35mhttp[39m: [35mmethod /api//movieDel/66ab7e5ca6c81d8b08cdb553 404 32 - 9.481 ms[39m
[35m[39m
2024-08-01 09:26:13:2613 - [35mhttp[39m: [35mmethod /api//movieDel/66ab7e5ca6c81d8b08cdb553 404 32 - 9.778 ms[39m
[35m[39m
2024-08-01 09:26:18:2618 - [32minfo[39m: [32mConeccao realizada ao BD com secesso[39m
2024-08-01 09:26:18:2618 - [32minfo[39m: [32mAplicacao esta funcionando na porta: 3000[39m
2024-08-01 09:26:18:2618 - [35mhttp[39m: [35mmethod /api//movieDel/66ab7e5ca6c81d8b08cdb553 404 32 - 14.816 ms[39m
[35m[39m
2024-08-01 09:26:41:2641 - [32minfo[39m: [32mConeccao realizada ao BD com secesso[39m
2024-08-01 09:26:41:2641 - [32minfo[39m: [32mAplicacao esta funcionando na porta: 3000[39m
2024-08-01 09:26:42:2642 - [35mhttp[39m: [35mmethod /api//movieDel/66ab7e5ca6c81d8b08cdb553 404 32 - 14.998 ms[39m
[35m[39m
2024-08-01 09:26:52:2652 - [32minfo[39m: [32mConeccao realizada ao BD com secesso[39m
2024-08-01 09:26:52:2652 - [32minfo[39m: [32mAplicacao esta funcionando na porta: 3000[39m
2024-08-01 09:26:53:2653 - [31merror[39m: [31mErro no sistema logger_1.default.warning is not a function[39m
2024-08-01 09:26:53:2653 - [35mhttp[39m: [35mmethod /api//movieDel/66ab7e5ca6c81d8b08cdb553 404 32 - 14.816 ms[39m
[35m[39m
2024-08-01 09:27:08:278 - [32minfo[39m: [32mConeccao realizada ao BD com secesso[39m
2024-08-01 09:27:08:278 - [32minfo[39m: [32mAplicacao esta funcionando na porta: 3000[39m
2024-08-01 09:27:08:278 - [35mhttp[39m: [35mmethod /api//movieDel/66ab7e5ca6c81d8b08cdb553 404 32 - 15.268 ms[39m
[35m[39m
2024-08-01 09:27:33:2733 - [35mhttp[39m: [35mmethod /api//movieDel/66ab7e5ca6c81d8b08cdb553 404 32 - 9.970 ms[39m
[35m[39m
2024-08-01 09:28:18:2818 - [32minfo[39m: [32mConeccao realizada ao BD com secesso[39m
2024-08-01 09:28:18:2818 - [32minfo[39m: [32mAplicacao esta funcionando na porta: 3000[39m
2024-08-01 09:28:45:2845 - [35mhttp[39m: [35mmethod /api//movieDel/66ab7e5ca6c81d8b08cdb553 - - - - ms[39m
[35m[39m
2024-08-01 09:28:48:2848 - [32minfo[39m: [32mConeccao realizada ao BD com secesso[39m
2024-08-01 09:28:48:2848 - [32minfo[39m: [32mAplicacao esta funcionando na porta: 3000[39m
2024-08-01 09:28:48:2848 - [31merror[39m: [31mO filme nao foi encontrado[39m
2024-08-01 09:28:48:2848 - [35mhttp[39m: [35mmethod /api//movieDel/66ab7e5ca6c81d8b08cdb553 404 32 - 15.191 ms[39m
[35m[39m
2024-08-01 09:29:03:293 - [32minfo[39m: [32mConeccao realizada ao BD com secesso[39m
2024-08-01 09:29:03:293 - [32minfo[39m: [32mAplicacao esta funcionando na porta: 3000[39m
2024-08-01 09:29:05:295 - [31merror[39m: [31mO filme nao foi encontrado[39m
2024-08-01 09:29:05:295 - [35mhttp[39m: [35mmethod /api//movieDel/66ab7e5ca6c81d8b08cdb553 404 32 - 15.061 ms[39m
[35m[39m
2024-08-01 09:29:17:2917 - [32minfo[39m: [32mConeccao realizada ao BD com secesso[39m
2024-08-01 09:29:17:2917 - [32minfo[39m: [32mAplicacao esta funcionando na porta: 3000[39m
2024-08-01 09:29:17:2917 - [31merror[39m: [31mErro no sistema logger_1.default.warning is not a function[39m
2024-08-01 09:29:17:2917 - [35mhttp[39m: [35mmethod /api//movieDel/66ab7e5ca6c81d8b08cdb553 404 32 - 15.373 ms[39m
[35m[39m
2024-08-01 09:29:44:2944 - [32minfo[39m: [32mConeccao realizada ao BD com secesso[39m
2024-08-01 09:29:44:2944 - [32minfo[39m: [32mAplicacao esta funcionando na porta: 3000[39m
2024-08-01 09:29:45:2945 - [33mwarn[39m: [33mO filme nao foi encontrado[39m
2024-08-01 09:29:45:2945 - [35mhttp[39m: [35mmethod /api//movieDel/66ab7e5ca6c81d8b08cdb553 404 32 - 14.759 ms[39m
[35m[39m
2024-08-01 09:29:57:2957 - [32minfo[39m: [32mConeccao realizada ao BD com secesso[39m
2024-08-01 09:29:57:2957 - [32minfo[39m: [32mAplicacao esta funcionando na porta: 3000[39m
2024-08-01 09:29:58:2958 - [33mwarn[39m: [33mO filme nao foi encontrado![39m
2024-08-01 09:29:58:2958 - [35mhttp[39m: [35mmethod /api//movieDel/66ab7e5ca6c81d8b08cdb553 404 32 - 15.189 ms[39m
[35m[39m
2024-08-01 09:51:43:5143 - [32minfo[39m: [32mConeccao realizada ao BD com secesso[39m
2024-08-01 09:51:43:5143 - [32minfo[39m: [32mAplicacao esta funcionando na porta: 3000[39m
2024-08-01 10:08:44:844 - [32minfo[39m: [32mConeccao realizada ao BD com secesso[39m
2024-08-01 10:08:44:844 - [32minfo[39m: [32mAplicacao esta funcionando na porta: 3000[39m
2024-08-01 10:10:30:1030 - [32minfo[39m: [32mConeccao realizada ao BD com secesso[39m
2024-08-01 10:10:30:1030 - [32minfo[39m: [32mAplicacao esta funcionando na porta: 3000[39m
2024-08-01 10:10:47:1047 - [32minfo[39m: [32mConeccao realizada ao BD com secesso[39m
2024-08-01 10:10:47:1047 - [32minfo[39m: [32mAplicacao esta funcionando na porta: 3000[39m
2024-08-01 10:11:40:1140 - [35mhttp[39m: [35mmethod /api/movie 201 299 - 33.754 ms[39m
[35m[39m
2024-08-01 10:11:45:1145 - [35mhttp[39m: [35mmethod /api//movies 200 301 - 2060.662 ms[39m
[35m[39m
2024-08-01 10:12:25:1225 - [35mhttp[39m: [35mmethod /api//movie/66ab898c6a72a648716d43c6 404 176 - 0.749 ms[39m
[35m[39m
2024-08-01 10:14:54:1454 - [32minfo[39m: [32mFilme atualizado com sucesso[39m
2024-08-01 10:14:54:1454 - [35mhttp[39m: [35mmethod /api//movieUp/66ab898c6a72a648716d43c6 202 363 - 33.007 ms[39m
[35m[39m
2024-08-01 10:15:10:1510 - [35mhttp[39m: [35mmethod /api//movies 200 310 - 9.687 ms[39m
[35m[39m
2024-08-01 10:15:48:1548 - [32minfo[39m: [32mConeccao realizada ao BD com secesso[39m
2024-08-01 10:15:48:1548 - [32minfo[39m: [32mAplicacao esta funcionando na porta: 3000[39m
2024-08-01 10:15:59:1559 - [32minfo[39m: [32mFilme atualizado com sucesso[39m
2024-08-01 10:15:59:1559 - [35mhttp[39m: [35mmethod /api//movieUp/66ab898c6a72a648716d43c6 202 36 - 36.354 ms[39m
[35m[39m
2024-08-01 10:16:04:164 - [35mhttp[39m: [35mmethod /api//movies 200 309 - 10.603 ms[39m
[35m[39m
2024-08-01 10:16:58:1658 - [32minfo[39m: [32mConeccao realizada ao BD com secesso[39m
2024-08-01 10:16:58:1658 - [32minfo[39m: [32mAplicacao esta funcionando na porta: 3000[39m
2024-08-01 10:17:02:172 - [32minfo[39m: [32mFilme atualizado com sucesso[39m
2024-08-01 10:17:02:172 - [35mhttp[39m: [35mmethod /api//movieUp/66ab898c6a72a648716d43c6 202 371 - 53.497 ms[39m
[35m[39m
2024-08-01 10:18:40:1840 - [32minfo[39m: [32mConeccao realizada ao BD com secesso[39m
2024-08-01 10:18:40:1840 - [32minfo[39m: [32mAplicacao esta funcionando na porta: 3000[39m
2024-08-01 10:18:40:1840 - [32minfo[39m: [32mFilme atualizado com sucesso[39m
2024-08-01 10:18:40:1840 - [35mhttp[39m: [35mmethod /api//movieUp/66ab898c6a72a648716d43c6 202 307 - 36.117 ms[39m
[35m[39m
2024-08-01 10:19:11:1911 - [32minfo[39m: [32mConeccao realizada ao BD com secesso[39m
2024-08-01 10:19:11:1911 - [32minfo[39m: [32mAplicacao esta funcionando na porta: 3000[39m
2024-08-01 10:19:13:1913 - [32minfo[39m: [32mErro no sistema Cannot set headers after they are sent to the client[39m
2024-08-01 10:19:13:1913 - [35mhttp[39m: [35mmethod /api//movieUp/66ab898c6a72a648716d43c6 202 307 - 37.464 ms[39m
[35m[39m
2024-08-01 10:19:33:1933 - [32minfo[39m: [32mConeccao realizada ao BD com secesso[39m
2024-08-01 10:19:33:1933 - [32minfo[39m: [32mAplicacao esta funcionando na porta: 3000[39m
2024-08-01 10:19:34:1934 - [32minfo[39m: [32mErro no sistema Cannot set headers after they are sent to the client[39m
2024-08-01 10:19:34:1934 - [35mhttp[39m: [35mmethod /api//movieUp/66ab898c6a72a648716d43c6 202 307 - 35.648 ms[39m
[35m[39m
2024-08-02 10:04:25:425 - [32minfo[39m: [32mConeccao realizada ao BD com secesso[39m
2024-08-02 10:04:25:425 - [32minfo[39m: [32mAplicacao esta funcionando na porta: 3000[39m
2024-08-02 10:09:45:945 - [32minfo[39m: [32mO filme filme de teste foi deletado[39m
2024-08-02 10:09:45:945 - [35mhttp[39m: [35mmethod /api//movieDel/66ab898c6a72a648716d43c6 202 43 - 38.951 ms[39m
[35m[39m
2024-08-02 10:10:29:1029 - [35mhttp[39m: [35mmethod /api//movies 200 2 - 9.381 ms[39m
[35m[39m
2024-08-02 10:10:47:1047 - [35mhttp[39m: [35mmethod /api/movie 201 307 - 27.127 ms[39m
[35m[39m
2024-08-02 10:11:57:1157 - [35mhttp[39m: [35mmethod /api/movie 201 279 - 20.808 ms[39m
[35m[39m
2024-08-02 10:12:10:1210 - [35mhttp[39m: [35mmethod /api/movie 201 270 - 16.915 ms[39m
[35m[39m
2024-08-02 10:12:15:1215 - [35mhttp[39m: [35mmethod /api//movies 200 860 - 10.167 ms[39m
[35m[39m
2024-08-02 10:12:30:1230 - [35mhttp[39m: [35mmethod /api//movie/66acdb1d3713780f4bf48740 200 279 - 9.804 ms[39m
[35m[39m
2024-08-02 10:12:44:1244 - [35mhttp[39m: [35mmethod /api//movie/66acdb2a3713780f4bf48742 200 270 - 9.748 ms[39m
[35m[39m
2024-08-02 10:13:40:1340 - [35mhttp[39m: [35mmethod /api//movieUp/66acdb2a3713780f4bf48742 422 61 - 0.896 ms[39m
[35m[39m
2024-08-02 10:14:22:1422 - [32minfo[39m: [32mErro no sistema Cannot set headers after they are sent to the client[39m
2024-08-02 10:14:22:1422 - [35mhttp[39m: [35mmethod /api//movieUp/66acdb2a3713780f4bf48742 202 270 - 33.068 ms[39m
[35m[39m
2024-08-02 10:14:34:1434 - [35mhttp[39m: [35mmethod /api//movies 200 854 - 16.859 ms[39m
[35m[39m
2024-08-02 10:14:48:1448 - [32minfo[39m: [32mErro no sistema Cannot set headers after they are sent to the client[39m
2024-08-02 10:14:48:1448 - [35mhttp[39m: [35mmethod /api//movieUp/66acdb2a3713780f4bf48742 202 264 - 25.234 ms[39m
[35m[39m
