undefined - [31merror[39m: [31mAplicacao esta funcionando na porta: 3000[39m
undefined - [31merror[39m: [31mErro MongoParseError: option retryw7rites is not supported[39m
2024-07-30 15:42:28:4228 - [31merror[39m: [31mErro no sistema Cast to ObjectId failed for value ":66a92d7d412f8f6554a5e531" (type string) at path "_id" for model "Model"[39m
2024-07-30 17:25:58:2558 - [31merror[39m: [31mErro no sistema Cast to ObjectId failed for value "66a933ab92749864035e9cb" (type string) at path "_id" for model "Model"[39m
2024-07-30 17:26:39:2639 - [31merror[39m: [31mErro no sistema Cast to ObjectId failed for value "66a933ab92749864035e9cb" (type string) at path "_id" for model "Model"[39m
2024-07-30 17:27:12:2712 - [31merror[39m: [31mErro no sistema Cast to ObjectId failed for value "66a933ab92749864035e9cb" (type string) at path "_id" for model "Model"[39m
2024-07-30 17:27:37:2737 - [31merror[39m: [31mErro no sistema Cast to ObjectId failed for value "66a933ab92749864035e9c" (type string) at path "_id" for model "Model"[39m
2024-07-30 17:32:25:3225 - [31merror[39m: [31mErro no sistema Cast to ObjectId failed for value "66a933ab92749864035e9cb" (type string) at path "_id" for model "Movie"[39m
2024-07-30 17:32:41:3241 - [31merror[39m: [31mErro no sistema Cast to ObjectId failed for value "66a933ab92749864035e" (type string) at path "_id" for model "Movie"[39m
2024-07-30 17:33:17:3317 - [31merror[39m: [31mErro no sistema Cast to ObjectId failed for value "66a7d07dcbded23c758718e" (type string) at path "_id" for model "Movie"[39m
2024-07-30 17:33:32:3332 - [31merror[39m: [31mErro no sistema Cast to ObjectId failed for value "66a7d07dcbded23c758718e" (type string) at path "_id" for model "Movie"[39m
2024-07-31 10:04:58:458 - [31merror[39m: [31mErro MongooseServerSelectionError: Could not connect to any servers in your MongoDB Atlas cluster. One common reason is that you're trying to access the database from an IP that isn't whitelisted. Make sure your current IP address is on your Atlas cluster's IP whitelist: https://www.mongodb.com/docs/atlas/security-whitelist/[39m
2024-07-31 10:05:41:541 - [31merror[39m: [31mErro MongooseServerSelectionError: Could not connect to any servers in your MongoDB Atlas cluster. One common reason is that you're trying to access the database from an IP that isn't whitelisted. Make sure your current IP address is on your Atlas cluster's IP whitelist: https://www.mongodb.com/docs/atlas/security-whitelist/[39m
2024-08-01 09:22:59:2259 - [31merror[39m: [31mO filme nao foi encontrado[39m
2024-08-01 09:23:21:2321 - [31merror[39m: [31mErro no sistema logger_1.default.warning is not a function[39m
2024-08-01 09:23:24:2324 - [31merror[39m: [31mErro no sistema logger_1.default.warning is not a function[39m
2024-08-01 09:23:40:2340 - [31merror[39m: [31mErro no sistema logger_1.default.warning is not a function[39m
2024-08-01 09:24:14:2414 - [31merror[39m: [31mErro no sistema logger_1.default.warning is not a function[39m
2024-08-01 09:24:37:2437 - [31merror[39m: [31mErro no sistema logger_1.default.warning is not a function[39m
2024-08-01 09:26:53:2653 - [31merror[39m: [31mErro no sistema logger_1.default.warning is not a function[39m
2024-08-01 09:28:48:2848 - [31merror[39m: [31mO filme nao foi encontrado[39m
2024-08-01 09:29:05:295 - [31merror[39m: [31mO filme nao foi encontrado[39m
2024-08-01 09:29:17:2917 - [31merror[39m: [31mErro no sistema logger_1.default.warning is not a function[39m
